c:\users\lipoki\poop2\x64\debug\vc143.pdb
c:\users\lipoki\poop2\x64\debug\vc143.idb
c:\users\lipoki\poop2\x64\debug\wholesaler.obj
c:\users\lipoki\poop2\x64\debug\person.obj
c:\users\lipoki\poop2\x64\debug\main.obj
c:\users\lipoki\poop2\x64\debug\grower.obj
c:\users\lipoki\poop2\x64\debug\flower_arranger.obj
c:\users\lipoki\poop2\x64\debug\flowersbouquet.obj
c:\users\lipoki\poop2\x64\debug\delivery_person.obj
c:\users\lipoki\poop2\x64\debug\gardner.obj
c:\users\lipoki\poop2\x64\debug\florist.obj
c:\users\peleg\onedrive\documents\uni year 2\semester 2\poop\poop2\x64\debug\vc143.pdb
c:\users\peleg\onedrive\documents\uni year 2\semester 2\poop\poop2\x64\debug\vc143.idb
c:\users\peleg\onedrive\documents\uni year 2\semester 2\poop\poop2\x64\debug\main.obj
c:\users\peleg\onedrive\documents\uni year 2\semester 2\poop\poop2\x64\debug\wholesaler.obj
c:\users\peleg\onedrive\documents\uni year 2\semester 2\poop\poop2\x64\debug\person.obj
c:\users\peleg\onedrive\documents\uni year 2\semester 2\poop\poop2\x64\debug\florist.obj
c:\users\lipoki\poop2\x64\debug\poop2.exe
c:\users\lipoki\poop2\x64\debug\poop2.ilk
c:\users\lipoki\poop2\x64\debug\poop2.pdb
c:\users\peleg\onedrive\documents\uni year 2\semester 2\poop\poop2\x64\debug\delivery_person.obj
c:\users\peleg\onedrive\documents\uni year 2\semester 2\poop\poop2\x64\debug\flowersbouquet.obj
c:\users\peleg\onedrive\documents\uni year 2\semester 2\poop\poop2\x64\debug\flower_arranger.obj
c:\users\peleg\onedrive\documents\uni year 2\semester 2\poop\poop2\x64\debug\gardner.obj
c:\users\peleg\onedrive\documents\uni year 2\semester 2\poop\poop2\x64\debug\grower.obj
c:\users\peleg\onedrive\documents\uni year 2\semester 2\poop\poop2\x64\debug\source.obj
c:\users\peleg\onedrive\documents\uni year 2\semester 2\poop\poop2\x64\debug\source1.obj
c:\users\peleg\onedrive\documents\uni year 2\semester 2\poop\poop2\x64\debug\poop2.pdb
c:\users\peleg\onedrive\documents\uni year 2\semester 2\poop\poop2\x64\debug\poop2.tlog\cl.command.1.tlog
c:\users\peleg\onedrive\documents\uni year 2\semester 2\poop\poop2\x64\debug\poop2.tlog\cl.read.1.tlog
c:\users\peleg\onedrive\documents\uni year 2\semester 2\poop\poop2\x64\debug\poop2.tlog\cl.write.1.tlog
c:\users\peleg\onedrive\documents\uni year 2\semester 2\poop\poop2\x64\debug\poop2.tlog\link-cvtres.read.1.tlog
c:\users\peleg\onedrive\documents\uni year 2\semester 2\poop\poop2\x64\debug\poop2.tlog\link-cvtres.write.1.tlog
c:\users\peleg\onedrive\documents\uni year 2\semester 2\poop\poop2\x64\debug\poop2.tlog\link-rc.read.1.tlog
c:\users\peleg\onedrive\documents\uni year 2\semester 2\poop\poop2\x64\debug\poop2.tlog\link-rc.write.1.tlog
c:\users\peleg\onedrive\documents\uni year 2\semester 2\poop\poop2\x64\debug\poop2.tlog\link.command.1.tlog
c:\users\peleg\onedrive\documents\uni year 2\semester 2\poop\poop2\x64\debug\poop2.tlog\link.read.1.tlog
c:\users\peleg\onedrive\documents\uni year 2\semester 2\poop\poop2\x64\debug\poop2.tlog\link.read.2.tlog
c:\users\peleg\onedrive\documents\uni year 2\semester 2\poop\poop2\x64\debug\poop2.tlog\link.write.1.tlog
